sui>-$ publish --gas-budget 99999
INCLUDING DEPENDENCY Sui
INCLUDING DEPENDENCY MoveStdlib
BUILDING Meson
Successfully verified dependencies on-chain against source.
----- Transaction Digest ----
ELDrr1ythEBVmkoxzx9mtsGL49Yrybuqbv5d1HfdhKpn
----- Transaction Data ----
Transaction Signature: [Signature(Secp256k1SuiSignature(Secp256k1SuiSignature([1, 130, 232, 103, 204, 45, 219, 249, 81, 222, 250, 126, 124, 54, 87, 181, 42, 0, 32, 172, 48, 29, 201, 136, 197, 26, 67, 75, 178, 141, 240, 239, 146, 83, 68, 249, 113, 38, 252, 255, 196, 88, 62, 27, 95, 189, 111, 33, 179, 65, 30, 86, 1, 84, 182, 169, 161, 48, 122, 94, 105, 10, 171, 106, 129, 3, 236, 60, 200, 247, 125, 205, 31, 31, 71, 246, 220, 146, 125, 105, 149, 93, 50, 140, 78, 69, 179, 32, 181, 12, 188, 114, 236, 213, 133, 51, 121, 31])))]
Transaction Kind : Programmable
Inputs: [Pure(SuiPureValue { value_type: Some(Address), value: "0x44acc9799ced77c669c376aae77cee0d64ae31f48db81e4a0e5862a3ad8ae00e" })]
Commands: [
  Publish(_,,0x00000000000000000000000000000000000000000000000000000000000000010x0000000000000000000000000000000000000000000000000000000000000002),
  TransferObjects([Result(0)],Input(0)),
]

Sender: 0x44acc9799ced77c669c376aae77cee0d64ae31f48db81e4a0e5862a3ad8ae00e
Gas Payment: Object ID: 0x09c9a65d6572677eb1c38ad8873b9f6cf8ad581d7a1b157642d257f8be3656fa, version: 0x378a, digest: 3GCRkvNhkMx8xH2XsKjVP6M1ykDcLPaaas9QodStvVq4 
Gas Owner: 0x44acc9799ced77c669c376aae77cee0d64ae31f48db81e4a0e5862a3ad8ae00e
Gas Price: 1
Gas Budget: 99999

----- Transaction Effects ----
Status : Success
Created Objects:
  - ID: 0x044fdcb00cb8563cb016873b28c5b4db3774491266e32955e6e8f7bac308761b , Owner: Account Address ( 0x44acc9799ced77c669c376aae77cee0d64ae31f48db81e4a0e5862a3ad8ae00e )
  - ID: 0x1cdb2ddb62795682ee0db5fa254a66f4de0dc17782f9834b69e93c814acf2cfa , Owner: Account Address ( 0x44acc9799ced77c669c376aae77cee0d64ae31f48db81e4a0e5862a3ad8ae00e )
  - ID: 0x2668077c0a1367db0e6a02d1969633844c668a0cccfdc1490d41457a46defd34 , Owner: Account Address ( 0x44acc9799ced77c669c376aae77cee0d64ae31f48db81e4a0e5862a3ad8ae00e )
  - ID: 0x29f3537fc08e85ea9a433a6b561a77a859c7bb764d082d28903ea9692af92288 , Owner: Account Address ( 0x44acc9799ced77c669c376aae77cee0d64ae31f48db81e4a0e5862a3ad8ae00e )
  - ID: 0x3b624b817a17e7b4d32cc3f3696edeaeefbb6572ce96ca22ebe9cf976a62fcde , Owner: Immutable
  - ID: 0x817cf32a619d54ac17fdf23ed46956efc5c7ca3c343c313201f861e79592395d , Owner: Account Address ( 0x44acc9799ced77c669c376aae77cee0d64ae31f48db81e4a0e5862a3ad8ae00e )
  - ID: 0x90e53bf8f0495adae824aa2bcf7e828e76a498c22b92a5dc46f4a6089eaa7e16 , Owner: Immutable
  - ID: 0x9baf2606b8e3ce9c287169953e928acf464b487a2376ade2cc7d3639c3a7e7d3 , Owner: Immutable
  - ID: 0xa7a87808389afbe548fc821a31de09f94f9a079c6f0b7b5962cfb77766f07663 , Owner: Immutable
  - ID: 0xe225d9322978eaf5c795803de76c16bc1c6d851b70f819b3b684901c8d6ffb39 , Owner: Account Address ( 0x44acc9799ced77c669c376aae77cee0d64ae31f48db81e4a0e5862a3ad8ae00e )
  - ID: 0xf2a7649e0b19b911aa8ddb02998bd85fecf0ff2bb661678732c1466075ceec2c , Owner: Account Address ( 0x44acc9799ced77c669c376aae77cee0d64ae31f48db81e4a0e5862a3ad8ae00e )
Mutated Objects:
  - ID: 0x09c9a65d6572677eb1c38ad8873b9f6cf8ad581d7a1b157642d257f8be3656fa , Owner: Account Address ( 0x44acc9799ced77c669c376aae77cee0d64ae31f48db81e4a0e5862a3ad8ae00e )

----- Events ----
Array [
    Object {
        "id": Object {
            "txDigest": String("ELDrr1ythEBVmkoxzx9mtsGL49Yrybuqbv5d1HfdhKpn"),
            "eventSeq": Number(0),
        },
        "packageId": String("0x9baf2606b8e3ce9c287169953e928acf464b487a2376ade2cc7d3639c3a7e7d3"),
        "transactionModule": String("UCT"),
        "sender": String("0x44acc9799ced77c669c376aae77cee0d64ae31f48db81e4a0e5862a3ad8ae00e"),
        "type": String("0x2::coin::CurrencyCreated<0x9baf2606b8e3ce9c287169953e928acf464b487a2376ade2cc7d3639c3a7e7d3::UCT::UCT>"),
        "parsedJson": Object {
            "decimals": Number(6),
        },
        "bcs": String("7"),
    },
    Object {
        "id": Object {
            "txDigest": String("ELDrr1ythEBVmkoxzx9mtsGL49Yrybuqbv5d1HfdhKpn"),
            "eventSeq": Number(1),
        },
        "packageId": String("0x9baf2606b8e3ce9c287169953e928acf464b487a2376ade2cc7d3639c3a7e7d3"),
        "transactionModule": String("USDC"),
        "sender": String("0x44acc9799ced77c669c376aae77cee0d64ae31f48db81e4a0e5862a3ad8ae00e"),
        "type": String("0x2::coin::CurrencyCreated<0x9baf2606b8e3ce9c287169953e928acf464b487a2376ade2cc7d3639c3a7e7d3::USDC::USDC>"),
        "parsedJson": Object {
            "decimals": Number(6),
        },
        "bcs": String("7"),
    },
    Object {
        "id": Object {
            "txDigest": String("ELDrr1ythEBVmkoxzx9mtsGL49Yrybuqbv5d1HfdhKpn"),
            "eventSeq": Number(2),
        },
        "packageId": String("0x9baf2606b8e3ce9c287169953e928acf464b487a2376ade2cc7d3639c3a7e7d3"),
        "transactionModule": String("USDT"),
        "sender": String("0x44acc9799ced77c669c376aae77cee0d64ae31f48db81e4a0e5862a3ad8ae00e"),
        "type": String("0x2::coin::CurrencyCreated<0x9baf2606b8e3ce9c287169953e928acf464b487a2376ade2cc7d3639c3a7e7d3::USDT::USDT>"),
        "parsedJson": Object {
            "decimals": Number(6),
        },
        "bcs": String("7"),
    },
]
----- Object changes ----
Array [
    Object {
        "type": String("mutated"),
        "sender": String("0x44acc9799ced77c669c376aae77cee0d64ae31f48db81e4a0e5862a3ad8ae00e"),
        "owner": Object {
            "AddressOwner": String("0x44acc9799ced77c669c376aae77cee0d64ae31f48db81e4a0e5862a3ad8ae00e"),
        },
        "objectType": String("0x2::coin::Coin<0x2::sui::SUI>"),
        "objectId": String("0x09c9a65d6572677eb1c38ad8873b9f6cf8ad581d7a1b157642d257f8be3656fa"),
        "version": Number(14219),
        "previousVersion": Number(14218),
        "digest": String("FwiX8JbFbR5bUC8eMyAJSLKQcvchTURsrnMDaJC6g4TQ"),
    },
    Object {
        "type": String("created"),
        "sender": String("0x44acc9799ced77c669c376aae77cee0d64ae31f48db81e4a0e5862a3ad8ae00e"),
        "owner": Object {
            "AddressOwner": String("0x44acc9799ced77c669c376aae77cee0d64ae31f48db81e4a0e5862a3ad8ae00e"),
        },
        "objectType": String("0x2::coin::Coin<0x9baf2606b8e3ce9c287169953e928acf464b487a2376ade2cc7d3639c3a7e7d3::USDC::USDC>"),
        "objectId": String("0x044fdcb00cb8563cb016873b28c5b4db3774491266e32955e6e8f7bac308761b"),
        "version": Number(14219),
        "digest": String("HK6jPi7RBTKPcF5okacE13AeLHYzmgcJciLT9UyZ8RU4"),
    },
    Object {
        "type": String("created"),
        "sender": String("0x44acc9799ced77c669c376aae77cee0d64ae31f48db81e4a0e5862a3ad8ae00e"),
        "owner": Object {
            "AddressOwner": String("0x44acc9799ced77c669c376aae77cee0d64ae31f48db81e4a0e5862a3ad8ae00e"),
        },
        "objectType": String("0x2::coin::TreasuryCap<0x9baf2606b8e3ce9c287169953e928acf464b487a2376ade2cc7d3639c3a7e7d3::USDC::USDC>"),
        "objectId": String("0x1cdb2ddb62795682ee0db5fa254a66f4de0dc17782f9834b69e93c814acf2cfa"),
        "version": Number(14219),
        "digest": String("E4BAbMja1ZyWzRcFa5C8YiKpeD7A3CWWp2a1E8XxCuDv"),
    },
    Object {
        "type": String("created"),
        "sender": String("0x44acc9799ced77c669c376aae77cee0d64ae31f48db81e4a0e5862a3ad8ae00e"),
        "owner": Object {
            "AddressOwner": String("0x44acc9799ced77c669c376aae77cee0d64ae31f48db81e4a0e5862a3ad8ae00e"),
        },
        "objectType": String("0x2::coin::TreasuryCap<0x9baf2606b8e3ce9c287169953e928acf464b487a2376ade2cc7d3639c3a7e7d3::UCT::UCT>"),
        "objectId": String("0x2668077c0a1367db0e6a02d1969633844c668a0cccfdc1490d41457a46defd34"),
        "version": Number(14219),
        "digest": String("DhJtN9xgpGu7Gv3dQxnXx3v1esx7ZLBXxWZUGzDZDgTk"),
    },
    Object {
        "type": String("created"),
        "sender": String("0x44acc9799ced77c669c376aae77cee0d64ae31f48db81e4a0e5862a3ad8ae00e"),
        "owner": Object {
            "AddressOwner": String("0x44acc9799ced77c669c376aae77cee0d64ae31f48db81e4a0e5862a3ad8ae00e"),
        },
        "objectType": String("0x2::coin::Coin<0x9baf2606b8e3ce9c287169953e928acf464b487a2376ade2cc7d3639c3a7e7d3::USDT::USDT>"),
        "objectId": String("0x29f3537fc08e85ea9a433a6b561a77a859c7bb764d082d28903ea9692af92288"),
        "version": Number(14219),
        "digest": String("FYJTVv4YZqWgxxJGnfP5NGUnFV8t7pSEkDRbgebfLpQz"),
    },
    Object {
        "type": String("created"),
        "sender": String("0x44acc9799ced77c669c376aae77cee0d64ae31f48db81e4a0e5862a3ad8ae00e"),
        "owner": String("Immutable"),
        "objectType": String("0x2::coin::CoinMetadata<0x9baf2606b8e3ce9c287169953e928acf464b487a2376ade2cc7d3639c3a7e7d3::USDC::USDC>"),
        "objectId": String("0x3b624b817a17e7b4d32cc3f3696edeaeefbb6572ce96ca22ebe9cf976a62fcde"),
        "version": Number(14219),
        "digest": String("4KHDKXkcZh7wxfoukEpth4hZzaG8jx3DS334LQs8TrZm"),
    },
    Object {
        "type": String("created"),
        "sender": String("0x44acc9799ced77c669c376aae77cee0d64ae31f48db81e4a0e5862a3ad8ae00e"),
        "owner": Object {
            "AddressOwner": String("0x44acc9799ced77c669c376aae77cee0d64ae31f48db81e4a0e5862a3ad8ae00e"),
        },
        "objectType": String("0x2::package::UpgradeCap"),
        "objectId": String("0x817cf32a619d54ac17fdf23ed46956efc5c7ca3c343c313201f861e79592395d"),
        "version": Number(14219),
        "digest": String("9sWsKjYqtiWx4wyGJDLHA9Fec8Cd2cCQk4Z9JcmDsbfk"),
    },
    Object {
        "type": String("created"),
        "sender": String("0x44acc9799ced77c669c376aae77cee0d64ae31f48db81e4a0e5862a3ad8ae00e"),
        "owner": String("Immutable"),
        "objectType": String("0x2::coin::CoinMetadata<0x9baf2606b8e3ce9c287169953e928acf464b487a2376ade2cc7d3639c3a7e7d3::USDT::USDT>"),
        "objectId": String("0x90e53bf8f0495adae824aa2bcf7e828e76a498c22b92a5dc46f4a6089eaa7e16"),
        "version": Number(14219),
        "digest": String("3aUVz2R6FEWVQL5mWhHh4KbV7hNZtJMfVzFYkVY9kJQQ"),
    },
    Object {
        "type": String("published"),
        "packageId": String("0x9baf2606b8e3ce9c287169953e928acf464b487a2376ade2cc7d3639c3a7e7d3"),
        "version": Number(1),
        "digest": String("5BjxYbZ3JBJgoAtVWeSAFzKjLMktmUa4PaMTGqi77sEW"),
        "modules": Array [
            String("MesonHelpers"),
            String("MesonPools"),
            String("MesonStates"),
            String("MesonSwap"),
            String("UCT"),
            String("USDC"),
            String("USDT"),
        ],
    },
    Object {
        "type": String("created"),
        "sender": String("0x44acc9799ced77c669c376aae77cee0d64ae31f48db81e4a0e5862a3ad8ae00e"),
        "owner": String("Immutable"),
        "objectType": String("0x2::coin::CoinMetadata<0x9baf2606b8e3ce9c287169953e928acf464b487a2376ade2cc7d3639c3a7e7d3::UCT::UCT>"),
        "objectId": String("0xa7a87808389afbe548fc821a31de09f94f9a079c6f0b7b5962cfb77766f07663"),
        "version": Number(14219),
        "digest": String("DcBuo8ZSDemS5bCbR28yUJxE53iVS1Y4xKfv1nF4hYbT"),
    },
    Object {
        "type": String("created"),
        "sender": String("0x44acc9799ced77c669c376aae77cee0d64ae31f48db81e4a0e5862a3ad8ae00e"),
        "owner": Object {
            "AddressOwner": String("0x44acc9799ced77c669c376aae77cee0d64ae31f48db81e4a0e5862a3ad8ae00e"),
        },
        "objectType": String("0x2::coin::TreasuryCap<0x9baf2606b8e3ce9c287169953e928acf464b487a2376ade2cc7d3639c3a7e7d3::USDT::USDT>"),
        "objectId": String("0xe225d9322978eaf5c795803de76c16bc1c6d851b70f819b3b684901c8d6ffb39"),
        "version": Number(14219),
        "digest": String("GUah6kLpfCzNdQ5ZjHWyWsHhUbtP7hE4Jy1eckj87kfA"),
    },
    Object {
        "type": String("created"),
        "sender": String("0x44acc9799ced77c669c376aae77cee0d64ae31f48db81e4a0e5862a3ad8ae00e"),
        "owner": Object {
            "AddressOwner": String("0x44acc9799ced77c669c376aae77cee0d64ae31f48db81e4a0e5862a3ad8ae00e"),
        },
        "objectType": String("0x2::coin::Coin<0x9baf2606b8e3ce9c287169953e928acf464b487a2376ade2cc7d3639c3a7e7d3::UCT::UCT>"),
        "objectId": String("0xf2a7649e0b19b911aa8ddb02998bd85fecf0ff2bb661678732c1466075ceec2c"),
        "version": Number(14219),
        "digest": String("Fs8YUyqjjwnrgo6yeVxPjSCRJNquiCPHM83bjR3BdE7e"),
    },
]
----- Balance changes ----
Array [
    Object {
        "owner": Object {
            "AddressOwner": String("0x44acc9799ced77c669c376aae77cee0d64ae31f48db81e4a0e5862a3ad8ae00e"),
        },
        "coinType": String("0x2::sui::SUI"),
        "amount": String("-6519"),
    },
    Object {
        "owner": Object {
            "AddressOwner": String("0x44acc9799ced77c669c376aae77cee0d64ae31f48db81e4a0e5862a3ad8ae00e"),
        },
        "coinType": String("0x9baf2606b8e3ce9c287169953e928acf464b487a2376ade2cc7d3639c3a7e7d3::UCT::UCT"),
        "amount": String("100000000000000"),
    },
    Object {
        "owner": Object {
            "AddressOwner": String("0x44acc9799ced77c669c376aae77cee0d64ae31f48db81e4a0e5862a3ad8ae00e"),
        },
        "coinType": String("0x9baf2606b8e3ce9c287169953e928acf464b487a2376ade2cc7d3639c3a7e7d3::USDC::USDC"),
        "amount": String("100000000000000"),
    },
    Object {
        "owner": Object {
            "AddressOwner": String("0x44acc9799ced77c669c376aae77cee0d64ae31f48db81e4a0e5862a3ad8ae00e"),
        },
        "coinType": String("0x9baf2606b8e3ce9c287169953e928acf464b487a2376ade2cc7d3639c3a7e7d3::USDT::USDT"),
        "amount": String("100000000000000"),
    },
]