USDT: 0xc85cad453344182089af25bc43dbf666562c0adad917039191feccd1f061ea15


# 1 Create App #
================== 1.1 Create Meson App ==================
This step is finished in sui console.


================== 1.2 Add USDC and USDT (Only called once) ==================

================== 1.3 Transfer USDC and USDT to LP and User ==================
This step is finished in sui console.


# 2 LP deposit #

================== 2.1 Find LP objects (USDC, USDT) ==================
{objectId: '0x6f491d9ac7c47927640e9bdf6609281e12546b2f949740644fcc6c65c54f6f24', version: '36078', digest: '6utPWrwjprjmjezgK7Boc4sCXAER92AQ1uUFPrDWZkWP'}
========== LP USDC Object listed above. ==========

{objectId: '0xfbb9545a2c5347c8beb2190ab81e2e505931ce5f7a8a943ca258632ca57c3b5e', version: '36079', digest: 'Gj5QpxaE535mHBGPU8k8jPwvjLKSYvTiCy5zV55Jqmcm'}
========== LP USDT Object listed above. ==========


================== 2.2 LP deposit (and register) to Meson ==================
LP(Bob) registers a new pool and deposits 1000 USDC into Meson Pools!

LP(Bob) deposits 1000 USDT into Meson Pools!


# 3 Swap! #
================== 3.0 Init, Find User objects (USDC, USDT) ==================
EncodedSwap: 010001036640c00000000000e7552620000000000000643c2951031002031001
{objectId: '0x8a26a875df72350453d511f0897224873464291bfcbeff0811a13f90bf393e20', version: '154923', digest: 'BevBTG7nghmaeXbcX8fFpcV1To4rpApoa3pQwh9wiGXA'}
========== User USDC Object listed above. ==========

{objectId: '0x18e3b2275481c71c5ec100084e073232c0075cbce4ad4697bbd74710979f5b40', version: '9563', digest: '5WW8di4NXoYa14nNMZSyRUhYakAQzD3amCBGZXmwiM37'}
========== User USDT Object listed above. ==========



================== 3.1 PostSwap & BondSwap ==================

================== 3.1 PostSwap & BondSwap ==================
Complete request signing!
{digest: 'AiNbDJhJjkDTHM3regprDBDqybT7Hk7cHdYgnToovFtZ', confirmedLocalExecution: false}
Step 1.1. User(Carol) signed posted swap successfully!



================== 3.2 Lock ==================
{digest: '3iQ5C3EqeRYemq7cDfkX8SRNKTHs4rYeoqLpfKqTg7Zn', confirmedLocalExecution: false}
Step 2. LP(Bob) lock assets successfully!



================== 3.3 Release ==================
Complete release signing!
{digest: 'Fdtkqr9NixVKJk9qX68meXmqiSzZaozvvxSxK2YfuJjB', confirmedLocalExecution: false}
Step 3. User(Carol) release assets successfully, called by Manager(Alice)!



================== 3.4 ExecuteSwap ==================
{digest: 'AuaKg4bZVDEYpdvEfsGCXQ2kFez8KFeWsacFmdgtXJ1R', confirmedLocalExecution: false}
Step 4. LP(Bob) executeSwap success!
